<?xml version="1.0" encoding="UTF-8"?>
<!-- Generated by org.testng.reporters.JUnitReportReporter -->
<testsuite hostname="SandeePooja" failures="0" tests="3" name="testNG.SampleTest" time="0.011" errors="0" timestamp="2025-02-27T10:05:57 EST" skipped="0">
  <testcase classname="testNG.SampleTest" name="modifyCustomer" time="0.001"/>
  <system-out/>
  <testcase classname="testNG.SampleTest" name="deleteCustomer" time="0.002"/>
  <system-out/>
  <testcase classname="testNG.SampleTest" name="createCustomer" time="0.008"/>
  <system-out/>
</testsuite> <!-- testNG.SampleTest -->
