<?xml version="1.0" encoding="UTF-8"?>
<!-- Generated by org.testng.reporters.JUnitReportReporter -->
<testsuite hostname="SandeePooja" failures="0" tests="3" name="testNG.SampleBrowserLaunch" time="52.919" errors="0" timestamp="2025-02-27T10:02:44 EST" skipped="0">
  <testcase classname="testNG.SampleBrowserLaunch" name="demoLaunch" time="20.280"/>
  <system-out/>
  <testcase classname="testNG.SampleBrowserLaunch" name="demoLaunch" time="12.648"/>
  <system-out/>
  <testcase classname="testNG.SampleBrowserLaunch" name="demoLaunch" time="19.991"/>
  <system-out/>
</testsuite> <!-- testNG.SampleBrowserLaunch -->
