<?xml version="1.0" encoding="UTF-8"?>
<!-- Generated by org.testng.reporters.JUnitReportReporter -->
<testsuite hostname="SandeePooja" failures="0" tests="3" name="testNG.DataProviderPractice" time="0.008" errors="0" timestamp="2025-02-27T09:39:15 EST" skipped="0">
  <testcase classname="testNG.DataProviderPractice" name="addPhoneTOCart" time="0.001"/>
  <system-out/>
  <testcase classname="testNG.DataProviderPractice" name="addPhoneTOCart" time="0.006"/>
  <system-out/>
  <testcase classname="testNG.DataProviderPractice" name="addPhoneTOCart" time="0.001"/>
  <system-out/>
</testsuite> <!-- testNG.DataProviderPractice -->
